<?xml version="1.0" encoding="UTF-8"?>
<!-- Generated by org.testng.reporters.JUnitReportReporter -->
<testsuite skipped="0" hostname="DESKTOP-0J0CIBG" name="module11.editPhoto" tests="1" failures="0" timestamp="12 Feb 2020 21:33:38 GMT" time="18.088" errors="0">
  <testcase name="Login" time="18.088" classname="module11.editPhoto"/>
</testsuite> <!-- module11.editPhoto -->
